0 info it worked if it ends with ok
1 verbose cli [ '/usr/local/bin/node', '/usr/local/bin/npm', 'start' ]
2 info using npm@2.14.12
3 info using node@v4.3.2
4 verbose run-script [ 'prestart', 'start', 'poststart' ]
5 info prestart yocktail@0.0.0
6 verbose unsafe-perm in lifecycle true
7 info yocktail@0.0.0 Failed to exec prestart script
8 verbose stack Error: yocktail@0.0.0 prestart: `npm install`
8 verbose stack Exit status 1
8 verbose stack     at EventEmitter.<anonymous> (/usr/local/lib/node_modules/npm/lib/utils/lifecycle.js:214:16)
8 verbose stack     at emitTwo (events.js:87:13)
8 verbose stack     at EventEmitter.emit (events.js:172:7)
8 verbose stack     at ChildProcess.<anonymous> (/usr/local/lib/node_modules/npm/lib/utils/spawn.js:24:14)
8 verbose stack     at emitTwo (events.js:87:13)
8 verbose stack     at ChildProcess.emit (events.js:172:7)
8 verbose stack     at maybeClose (internal/child_process.js:821:16)
8 verbose stack     at Process.ChildProcess._handle.onexit (internal/child_process.js:211:5)
9 verbose pkgid yocktail@0.0.0
10 verbose cwd /Users/elisewatsons/Documents/KTH Courses/Period3+4/Interaction-Programming/final project/Yocktail/IPWD-angular
11 error Darwin 14.5.0
12 error argv "/usr/local/bin/node" "/usr/local/bin/npm" "start"
13 error node v4.3.2
14 error npm  v2.14.12
15 error code ELIFECYCLE
16 error yocktail@0.0.0 prestart: `npm install`
16 error Exit status 1
17 error Failed at the yocktail@0.0.0 prestart script 'npm install'.
17 error This is most likely a problem with the yocktail package,
17 error not with npm itself.
17 error Tell the author that this fails on your system:
17 error     npm install
17 error You can get their info via:
17 error     npm owner ls yocktail
17 error There is likely additional logging output above.
18 verbose exit [ 1, true ]
